./testall.sh: line 137: CheckFail: not found

###### Testing test-arith1
./testall.sh: line 68: [1: not found
./retrocraft -c < tests/Basic/test-arith1.rc > tests/Basic/test-arith1.reference
###### SUCCESS

###### Testing test-arith2
./testall.sh: line 68: [1: not found
./retrocraft -c < tests/Basic/test-arith2.rc > tests/Basic/test-arith2.reference
###### SUCCESS

###### Testing test-arith3
./testall.sh: line 68: [1: not found
./retrocraft -c < tests/Basic/test-arith3.rc > tests/Basic/test-arith3.reference
###### SUCCESS

###### Testing test-fib
./testall.sh: line 68: [1: not found
./retrocraft -c < tests/Basic/test-fib.rc > tests/Basic/test-fib.reference
###### SUCCESS

###### Testing test-for1
./testall.sh: line 68: [1: not found
./retrocraft -c < tests/Basic/test-for1.rc > tests/Basic/test-for1.reference
###### SUCCESS

###### Testing test-func1
./testall.sh: line 68: [1: not found
./retrocraft -c < tests/Basic/test-func1.rc > tests/Basic/test-func1.reference
###### SUCCESS

###### Testing test-func2
./testall.sh: line 68: [1: not found
./retrocraft -c < tests/Basic/test-func2.rc > tests/Basic/test-func2.reference
###### SUCCESS

###### Testing test-func3
./testall.sh: line 68: [1: not found
./retrocraft -c < tests/Basic/test-func3.rc > tests/Basic/test-func3.reference
###### SUCCESS

###### Testing test-func4
./testall.sh: line 68: [1: not found
./retrocraft -c < tests/Basic/test-func4.rc > tests/Basic/test-func4.reference
###### SUCCESS

###### Testing test-gcd
./testall.sh: line 68: [1: not found
./retrocraft -c < tests/Basic/test-gcd.rc > tests/Basic/test-gcd.reference
###### SUCCESS

###### Testing test-global1
./testall.sh: line 68: [1: not found
./retrocraft -c < tests/Basic/test-global1.rc > tests/Basic/test-global1.reference
###### SUCCESS

###### Testing test-hello
./testall.sh: line 68: [1: not found
./retrocraft -c < tests/Basic/test-hello.rc > tests/Basic/test-hello.reference
###### SUCCESS

###### Testing test-if1
./testall.sh: line 68: [1: not found
./retrocraft -c < tests/Basic/test-if1.rc > tests/Basic/test-if1.reference
###### SUCCESS

###### Testing test-if2
./testall.sh: line 68: [1: not found
./retrocraft -c < tests/Basic/test-if2.rc > tests/Basic/test-if2.reference
###### SUCCESS

###### Testing test-if3
./testall.sh: line 68: [1: not found
./retrocraft -c < tests/Basic/test-if3.rc > tests/Basic/test-if3.reference
###### SUCCESS

###### Testing test-if4
./testall.sh: line 68: [1: not found
./retrocraft -c < tests/Basic/test-if4.rc > tests/Basic/test-if4.reference
###### SUCCESS

###### Testing test-if5
./testall.sh: line 68: [1: not found
./retrocraft -c < tests/Basic/test-if5.rc > tests/Basic/test-if5.reference
###### SUCCESS

###### Testing test-ops1
./testall.sh: line 68: [1: not found
./retrocraft -c < tests/Basic/test-ops1.rc > tests/Basic/test-ops1.reference
###### SUCCESS

###### Testing test-string
./testall.sh: line 68: [1: not found
./retrocraft -c < tests/Basic/test-string.rc > tests/Basic/test-string.reference
Fatal error: exception Parsing.Parse_error
###### FAILED

###### Testing test-var1
./testall.sh: line 68: [1: not found
./retrocraft -c < tests/Basic/test-var1.rc > tests/Basic/test-var1.reference
###### SUCCESS

###### Testing test-while1
./testall.sh: line 68: [1: not found
./retrocraft -c < tests/Basic/test-while1.rc > tests/Basic/test-while1.reference
###### SUCCESS

###### Testing test-array1
./testall.sh: line 68: [1: not found
./retrocraft -c < tests/Array/test-array1.rc > tests/Array/test-array1.reference
###### SUCCESS

###### Testing test-array2
./testall.sh: line 68: [1: not found
./retrocraft -c < tests/Array/test-array2.rc > tests/Array/test-array2.reference
###### SUCCESS

###### Testing test-array3
./testall.sh: line 68: [1: not found
./retrocraft -c < tests/Array/test-array3.rc > tests/Array/test-array3.reference
###### SUCCESS

###### Testing test-array4
./testall.sh: line 68: [1: not found
./retrocraft -c < tests/Array/test-array4.rc > tests/Array/test-array4.reference
###### SUCCESS

###### Testing test-array5
./testall.sh: line 68: [1: not found
./retrocraft -c < tests/Array/test-array5.rc > tests/Array/test-array5.reference
###### SUCCESS

###### Testing test-array6
./testall.sh: line 68: [1: not found
./retrocraft -c < tests/Array/test-array6.rc > tests/Array/test-array6.reference
###### SUCCESS

###### Testing test-array7
./testall.sh: line 68: [1: not found
./retrocraft -c < tests/Array/test-array7.rc > tests/Array/test-array7.reference
###### SUCCESS

###### Testing test-brick1
./testall.sh: line 68: [1: not found
./retrocraft -c < tests/Array/test-brick1.rc > tests/Array/test-brick1.reference
###### SUCCESS

###### Testing test-brick2
./testall.sh: line 68: [1: not found
./retrocraft -c < tests/Array/test-brick2.rc > tests/Array/test-brick2.reference
###### SUCCESS

###### Testing test-brick3
./testall.sh: line 68: [1: not found
./retrocraft -c < tests/Array/test-brick3.rc > tests/Array/test-brick3.reference
###### SUCCESS

###### Testing test-brick4
./testall.sh: line 68: [1: not found
./retrocraft -c < tests/Array/test-brick4.rc > tests/Array/test-brick4.reference
###### SUCCESS

###### Testing test-brick5
./testall.sh: line 68: [1: not found
./retrocraft -c < tests/Array/test-brick5.rc > tests/Array/test-brick5.reference
###### SUCCESS

###### Testing test-brick6
./testall.sh: line 68: [1: not found
./retrocraft -c < tests/Array/test-brick6.rc > tests/Array/test-brick6.reference
###### SUCCESS

###### Testing test-brick7
./testall.sh: line 68: [1: not found
./retrocraft -c < tests/Array/test-brick7.rc > tests/Array/test-brick7.reference
###### SUCCESS

###### Testing test-brick8
./testall.sh: line 68: [1: not found
./retrocraft -c < tests/Array/test-brick8.rc > tests/Array/test-brick8.reference
###### SUCCESS

###### Testing test-map
./testall.sh: line 68: [1: not found
./retrocraft -c < tests/Array/test-map.rc > tests/Array/test-map.reference
Fatal error: exception Parsing.Parse_error
###### FAILED

###### Testing test-map1
./testall.sh: line 68: [1: not found
./retrocraft -c < tests/Array/test-map1.rc > tests/Array/test-map1.reference
###### SUCCESS

###### Testing test-map2
./testall.sh: line 68: [1: not found
./retrocraft -c < tests/Array/test-map2.rc > tests/Array/test-map2.reference
###### SUCCESS

###### Testing test-map3
./testall.sh: line 68: [1: not found
./retrocraft -c < tests/Array/test-map3.rc > tests/Array/test-map3.reference
Fatal error: exception Failure("Undefined function: $DrawPlayer")
###### FAILED

###### Testing test-player1
./testall.sh: line 68: [1: not found
./retrocraft -c < tests/Array/test-player1.rc > tests/Array/test-player1.reference
###### SUCCESS

###### Testing test-player2
./testall.sh: line 68: [1: not found
./retrocraft -c < tests/Array/test-player2.rc > tests/Array/test-player2.reference
###### SUCCESS

###### Testing test-player3
./testall.sh: line 68: [1: not found
./retrocraft -c < tests/Array/test-player3.rc > tests/Array/test-player3.reference
###### SUCCESS

###### Testing test-player4
./testall.sh: line 68: [1: not found
./retrocraft -c < tests/Array/test-player4.rc > tests/Array/test-player4.reference
###### SUCCESS

###### Testing test-player5
./testall.sh: line 68: [1: not found
./retrocraft -c < tests/Array/test-player5.rc > tests/Array/test-player5.reference
###### SUCCESS

###### Testing test-push1
./testall.sh: line 68: [1: not found
./retrocraft -c < tests/Array/test-push1.rc > tests/Array/test-push1.reference
###### SUCCESS
